<?xml version="1.0" encoding="UTF-8"?>
<testsuite name="com.ceiba.usuario.controlador.ComandoControladorUsuarioTest" tests="3" skipped="0" failures="0" errors="0" timestamp="2022-02-24T01:23:19" hostname="JAVIER-APONTE" time="2.053">
  <properties/>
  <testcase name="Deberia actualizar un usuario" classname="com.ceiba.usuario.controlador.ComandoControladorUsuarioTest" time="0.216"/>
  <testcase name="Deberia eliminar un usuario" classname="com.ceiba.usuario.controlador.ComandoControladorUsuarioTest" time="0.224"/>
  <testcase name="Deberia crear un usuario" classname="com.ceiba.usuario.controlador.ComandoControladorUsuarioTest" time="0.224"/>
  <system-out><![CDATA[2022-02-23 20:23:18.661  INFO 13604 --- [    Test worker] o.s.t.c.support.AbstractContextLoader    : Could not detect default resource locations for test class [com.ceiba.usuario.controlador.ComandoControladorUsuarioTest]: no resource found for suffixes {-context.xml, Context.groovy}.
2022-02-23 20:23:18.663  INFO 13604 --- [    Test worker] .b.t.a.w.s.WebMvcTestContextBootstrapper : Loaded default TestExecutionListener class names from location [META-INF/spring.factories]: [org.springframework.boot.test.autoconfigure.restdocs.RestDocsTestExecutionListener, org.springframework.boot.test.autoconfigure.web.client.MockRestServiceServerResetTestExecutionListener, org.springframework.boot.test.autoconfigure.web.servlet.MockMvcPrintOnlyOnFailureTestExecutionListener, org.springframework.boot.test.autoconfigure.web.servlet.WebDriverTestExecutionListener, org.springframework.boot.test.autoconfigure.webservices.client.MockWebServiceServerTestExecutionListener, org.springframework.boot.test.mock.mockito.MockitoTestExecutionListener, org.springframework.boot.test.mock.mockito.ResetMocksTestExecutionListener, org.springframework.test.context.web.ServletTestExecutionListener, org.springframework.test.context.support.DirtiesContextBeforeModesTestExecutionListener, org.springframework.test.context.event.ApplicationEventsTestExecutionListener, org.springframework.test.context.support.DependencyInjectionTestExecutionListener, org.springframework.test.context.support.DirtiesContextTestExecutionListener, org.springframework.test.context.transaction.TransactionalTestExecutionListener, org.springframework.test.context.jdbc.SqlScriptsTestExecutionListener, org.springframework.test.context.event.EventPublishingTestExecutionListener]
2022-02-23 20:23:18.663  INFO 13604 --- [    Test worker] .b.t.a.w.s.WebMvcTestContextBootstrapper : Using TestExecutionListeners: [org.springframework.test.context.web.ServletTestExecutionListener@6aa35ae5, org.springframework.test.context.support.DirtiesContextBeforeModesTestExecutionListener@12986fe0, org.springframework.test.context.event.ApplicationEventsTestExecutionListener@74e725d6, org.springframework.boot.test.mock.mockito.MockitoTestExecutionListener@694350b0, org.springframework.boot.test.autoconfigure.SpringBootDependencyInjectionTestExecutionListener@19c74b0f, org.springframework.test.context.support.DirtiesContextTestExecutionListener@48f1c0b8, org.springframework.test.context.transaction.TransactionalTestExecutionListener@57585e5, org.springframework.test.context.jdbc.SqlScriptsTestExecutionListener@7640832b, org.springframework.test.context.event.EventPublishingTestExecutionListener@55fc21df, org.springframework.boot.test.autoconfigure.restdocs.RestDocsTestExecutionListener@134edfd8, org.springframework.boot.test.autoconfigure.web.client.MockRestServiceServerResetTestExecutionListener@3a3d2af9, org.springframework.boot.test.autoconfigure.web.servlet.MockMvcPrintOnlyOnFailureTestExecutionListener@4816af4e, org.springframework.boot.test.autoconfigure.web.servlet.WebDriverTestExecutionListener@7c508d4a, org.springframework.boot.test.autoconfigure.webservices.client.MockWebServiceServerTestExecutionListener@19853d07, org.springframework.boot.test.mock.mockito.ResetMocksTestExecutionListener@4a3ca62c]

  .   ____          _            __ _ _
 /\\ / ___'_ __ _ _(_)_ __  __ _ \ \ \ \
( ( )\___ | '_ | '_| | '_ \/ _` | \ \ \ \
 \\/  ___)| |_)| | | | | || (_| |  ) ) ) )
  '  |____| .__|_| |_|_| |_\__, | / / / /
 =========|_|==============|___/=/_/_/_/
 :: Spring Boot ::                (v2.5.3)

2022-02-23 20:23:18.689  INFO 13604 --- [    Test worker] c.c.u.c.ComandoControladorUsuarioTest    : Starting ComandoControladorUsuarioTest using Java 1.8.0_202 on JAVIER-APONTE with PID 13604 (started by javier.aponte in C:\Users\javier.aponte\Documents\Desarrollo\ADN3\certificaciones\java-arquitectura-hexagonal\certificaciones\infraestructura)
2022-02-23 20:23:18.690  INFO 13604 --- [    Test worker] c.c.u.c.ComandoControladorUsuarioTest    : No active profile set, falling back to default profiles: default
2022-02-23 20:23:18.872  INFO 13604 --- [    Test worker] com.zaxxer.hikari.HikariDataSource       : pool - Starting...
2022-02-23 20:23:18.875  INFO 13604 --- [    Test worker] com.zaxxer.hikari.HikariDataSource       : pool - Start completed.
2022-02-23 20:23:19.147  INFO 13604 --- [    Test worker] pertySourcedRequestMappingHandlerMapping : Mapped URL path [/v2/api-docs] onto method [springfox.documentation.swagger2.web.Swagger2Controller#getDocumentation(String, HttpServletRequest)]
2022-02-23 20:23:19.149  INFO 13604 --- [    Test worker] o.s.j.d.e.EmbeddedDatabaseFactory        : Starting embedded database: url='jdbc:h2:mem:testdb;DB_CLOSE_DELAY=-1;DB_CLOSE_ON_EXIT=false', username='sa'
2022-02-23 20:23:19.153  INFO 13604 --- [    Test worker] o.f.c.internal.database.DatabaseFactory  : Database: jdbc:h2:mem:testdb (H2 1.4)
2022-02-23 20:23:19.153  WARN 13604 --- [    Test worker] o.f.c.internal.database.base.Database    : Flyway upgrade recommended: H2 1.4.200 is newer than this version of Flyway and support has not been tested.
2022-02-23 20:23:19.159  INFO 13604 --- [    Test worker] o.f.core.internal.command.DbValidate     : Successfully validated 2 migrations (execution time 00:00.001s)
2022-02-23 20:23:19.161  INFO 13604 --- [    Test worker] o.f.c.i.s.JdbcTableSchemaHistory         : Creating Schema History table: "PUBLIC"."flyway_schema_history"
2022-02-23 20:23:19.170  INFO 13604 --- [    Test worker] o.f.core.internal.command.DbMigrate      : Current version of schema "PUBLIC": << Empty Schema >>
2022-02-23 20:23:19.170  INFO 13604 --- [    Test worker] o.f.core.internal.command.DbMigrate      : Migrating schema "PUBLIC" to version 1.0 - schema
2022-02-23 20:23:19.174  INFO 13604 --- [    Test worker] o.f.core.internal.command.DbMigrate      : Migrating schema "PUBLIC" to version 1.1 - data
2022-02-23 20:23:19.179  INFO 13604 --- [    Test worker] o.f.core.internal.command.DbMigrate      : Successfully applied 2 migrations to schema "PUBLIC" (execution time 00:00.019s)
2022-02-23 20:23:19.314  INFO 13604 --- [    Test worker] o.s.b.t.m.w.SpringBootMockServletContext : Initializing Spring TestDispatcherServlet ''
2022-02-23 20:23:19.314  INFO 13604 --- [    Test worker] o.s.t.web.servlet.TestDispatcherServlet  : Initializing Servlet ''
2022-02-23 20:23:19.314  INFO 13604 --- [    Test worker] o.s.t.web.servlet.TestDispatcherServlet  : Completed initialization in 0 ms
2022-02-23 20:23:19.320  INFO 13604 --- [    Test worker] d.s.w.p.DocumentationPluginsBootstrapper : Context refreshed
2022-02-23 20:23:19.323  INFO 13604 --- [    Test worker] d.s.w.p.DocumentationPluginsBootstrapper : Found 1 custom documentation plugin(s)
2022-02-23 20:23:19.327  INFO 13604 --- [    Test worker] s.d.s.w.s.ApiListingReferenceScanner     : Scanning for api listing references
2022-02-23 20:23:19.330  INFO 13604 --- [    Test worker] .d.s.w.r.o.CachingOperationNameGenerator : Generating unique operation named: crearUsingPOST_1
2022-02-23 20:23:19.337  INFO 13604 --- [    Test worker] .d.s.w.r.o.CachingOperationNameGenerator : Generating unique operation named: actualizarUsingPUT_1
2022-02-23 20:23:19.338  INFO 13604 --- [    Test worker] .d.s.w.r.o.CachingOperationNameGenerator : Generating unique operation named: crearUsingPOST_2
2022-02-23 20:23:19.339  INFO 13604 --- [    Test worker] .d.s.w.r.o.CachingOperationNameGenerator : Generating unique operation named: eliminarUsingDELETE_1
2022-02-23 20:23:19.342  INFO 13604 --- [    Test worker] .d.s.w.r.o.CachingOperationNameGenerator : Generating unique operation named: listarUsingGET_1
2022-02-23 20:23:19.346  INFO 13604 --- [    Test worker] .d.s.w.r.o.CachingOperationNameGenerator : Generating unique operation named: listarUsingGET_2
2022-02-23 20:23:19.349  INFO 13604 --- [    Test worker] c.c.u.c.ComandoControladorUsuarioTest    : Started ComandoControladorUsuarioTest in 0.683 seconds (JVM running for 14.566)
2022-02-23 20:23:19.361  INFO 13604 --- [    Test worker] o.s.j.d.e.EmbeddedDatabaseFactory        : Shutting down embedded database: url='jdbc:h2:mem:testdb;DB_CLOSE_DELAY=-1;DB_CLOSE_ON_EXIT=false'
2022-02-23 20:23:19.562  INFO 13604 --- [    Test worker] com.zaxxer.hikari.HikariDataSource       : pool - Shutdown initiated...
2022-02-23 20:23:19.566  INFO 13604 --- [    Test worker] com.zaxxer.hikari.HikariDataSource       : pool - Shutdown completed.

  .   ____          _            __ _ _
 /\\ / ___'_ __ _ _(_)_ __  __ _ \ \ \ \
( ( )\___ | '_ | '_| | '_ \/ _` | \ \ \ \
 \\/  ___)| |_)| | | | | || (_| |  ) ) ) )
  '  |____| .__|_| |_|_| |_\__, | / / / /
 =========|_|==============|___/=/_/_/_/
 :: Spring Boot ::                (v2.5.3)

2022-02-23 20:23:19.609  INFO 13604 --- [    Test worker] c.c.u.c.ComandoControladorUsuarioTest    : Starting ComandoControladorUsuarioTest using Java 1.8.0_202 on JAVIER-APONTE with PID 13604 (started by javier.aponte in C:\Users\javier.aponte\Documents\Desarrollo\ADN3\certificaciones\java-arquitectura-hexagonal\certificaciones\infraestructura)
2022-02-23 20:23:19.610  INFO 13604 --- [    Test worker] c.c.u.c.ComandoControladorUsuarioTest    : No active profile set, falling back to default profiles: default
2022-02-23 20:23:19.782  INFO 13604 --- [    Test worker] com.zaxxer.hikari.HikariDataSource       : pool - Starting...
2022-02-23 20:23:19.784  INFO 13604 --- [    Test worker] com.zaxxer.hikari.HikariDataSource       : pool - Start completed.
2022-02-23 20:23:20.033  INFO 13604 --- [    Test worker] pertySourcedRequestMappingHandlerMapping : Mapped URL path [/v2/api-docs] onto method [springfox.documentation.swagger2.web.Swagger2Controller#getDocumentation(String, HttpServletRequest)]
2022-02-23 20:23:20.035  INFO 13604 --- [    Test worker] o.s.j.d.e.EmbeddedDatabaseFactory        : Starting embedded database: url='jdbc:h2:mem:testdb;DB_CLOSE_DELAY=-1;DB_CLOSE_ON_EXIT=false', username='sa'
2022-02-23 20:23:20.039  INFO 13604 --- [    Test worker] o.f.c.internal.database.DatabaseFactory  : Database: jdbc:h2:mem:testdb (H2 1.4)
2022-02-23 20:23:20.040  WARN 13604 --- [    Test worker] o.f.c.internal.database.base.Database    : Flyway upgrade recommended: H2 1.4.200 is newer than this version of Flyway and support has not been tested.
2022-02-23 20:23:20.044  INFO 13604 --- [    Test worker] o.f.core.internal.command.DbValidate     : Successfully validated 2 migrations (execution time 00:00.001s)
2022-02-23 20:23:20.047  INFO 13604 --- [    Test worker] o.f.c.i.s.JdbcTableSchemaHistory         : Creating Schema History table: "PUBLIC"."flyway_schema_history"
2022-02-23 20:23:20.050  INFO 13604 --- [    Test worker] o.f.core.internal.command.DbMigrate      : Current version of schema "PUBLIC": << Empty Schema >>
2022-02-23 20:23:20.050  INFO 13604 --- [    Test worker] o.f.core.internal.command.DbMigrate      : Migrating schema "PUBLIC" to version 1.0 - schema
2022-02-23 20:23:20.057  INFO 13604 --- [    Test worker] o.f.core.internal.command.DbMigrate      : Migrating schema "PUBLIC" to version 1.1 - data
2022-02-23 20:23:20.060  INFO 13604 --- [    Test worker] o.f.core.internal.command.DbMigrate      : Successfully applied 2 migrations to schema "PUBLIC" (execution time 00:00.014s)
2022-02-23 20:23:20.201  INFO 13604 --- [    Test worker] o.s.b.t.m.w.SpringBootMockServletContext : Initializing Spring TestDispatcherServlet ''
2022-02-23 20:23:20.202  INFO 13604 --- [    Test worker] o.s.t.web.servlet.TestDispatcherServlet  : Initializing Servlet ''
2022-02-23 20:23:20.202  INFO 13604 --- [    Test worker] o.s.t.web.servlet.TestDispatcherServlet  : Completed initialization in 0 ms
2022-02-23 20:23:20.210  INFO 13604 --- [    Test worker] d.s.w.p.DocumentationPluginsBootstrapper : Context refreshed
2022-02-23 20:23:20.210  INFO 13604 --- [    Test worker] d.s.w.p.DocumentationPluginsBootstrapper : Found 1 custom documentation plugin(s)
2022-02-23 20:23:20.214  INFO 13604 --- [    Test worker] s.d.s.w.s.ApiListingReferenceScanner     : Scanning for api listing references
2022-02-23 20:23:20.223  INFO 13604 --- [    Test worker] .d.s.w.r.o.CachingOperationNameGenerator : Generating unique operation named: crearUsingPOST_1
2022-02-23 20:23:20.226  INFO 13604 --- [    Test worker] .d.s.w.r.o.CachingOperationNameGenerator : Generating unique operation named: actualizarUsingPUT_1
2022-02-23 20:23:20.226  INFO 13604 --- [    Test worker] .d.s.w.r.o.CachingOperationNameGenerator : Generating unique operation named: crearUsingPOST_2
2022-02-23 20:23:20.227  INFO 13604 --- [    Test worker] .d.s.w.r.o.CachingOperationNameGenerator : Generating unique operation named: eliminarUsingDELETE_1
2022-02-23 20:23:20.231  INFO 13604 --- [    Test worker] .d.s.w.r.o.CachingOperationNameGenerator : Generating unique operation named: listarUsingGET_1
2022-02-23 20:23:20.234  INFO 13604 --- [    Test worker] .d.s.w.r.o.CachingOperationNameGenerator : Generating unique operation named: listarUsingGET_2
2022-02-23 20:23:20.237  INFO 13604 --- [    Test worker] c.c.u.c.ComandoControladorUsuarioTest    : Started ComandoControladorUsuarioTest in 0.667 seconds (JVM running for 15.455)
2022-02-23 20:23:20.248  INFO 13604 --- [    Test worker] o.s.j.d.e.EmbeddedDatabaseFactory        : Shutting down embedded database: url='jdbc:h2:mem:testdb;DB_CLOSE_DELAY=-1;DB_CLOSE_ON_EXIT=false'
2022-02-23 20:23:20.462  INFO 13604 --- [    Test worker] com.zaxxer.hikari.HikariDataSource       : pool - Shutdown initiated...
2022-02-23 20:23:20.463  INFO 13604 --- [    Test worker] com.zaxxer.hikari.HikariDataSource       : pool - Shutdown completed.

  .   ____          _            __ _ _
 /\\ / ___'_ __ _ _(_)_ __  __ _ \ \ \ \
( ( )\___ | '_ | '_| | '_ \/ _` | \ \ \ \
 \\/  ___)| |_)| | | | | || (_| |  ) ) ) )
  '  |____| .__|_| |_|_| |_\__, | / / / /
 =========|_|==============|___/=/_/_/_/
 :: Spring Boot ::                (v2.5.3)

2022-02-23 20:23:20.485  INFO 13604 --- [    Test worker] c.c.u.c.ComandoControladorUsuarioTest    : Starting ComandoControladorUsuarioTest using Java 1.8.0_202 on JAVIER-APONTE with PID 13604 (started by javier.aponte in C:\Users\javier.aponte\Documents\Desarrollo\ADN3\certificaciones\java-arquitectura-hexagonal\certificaciones\infraestructura)
2022-02-23 20:23:20.485  INFO 13604 --- [    Test worker] c.c.u.c.ComandoControladorUsuarioTest    : No active profile set, falling back to default profiles: default
2022-02-23 20:23:20.672  INFO 13604 --- [    Test worker] com.zaxxer.hikari.HikariDataSource       : pool - Starting...
2022-02-23 20:23:20.682  INFO 13604 --- [    Test worker] com.zaxxer.hikari.HikariDataSource       : pool - Start completed.
2022-02-23 20:23:20.958  INFO 13604 --- [    Test worker] pertySourcedRequestMappingHandlerMapping : Mapped URL path [/v2/api-docs] onto method [springfox.documentation.swagger2.web.Swagger2Controller#getDocumentation(String, HttpServletRequest)]
2022-02-23 20:23:20.960  INFO 13604 --- [    Test worker] o.s.j.d.e.EmbeddedDatabaseFactory        : Starting embedded database: url='jdbc:h2:mem:testdb;DB_CLOSE_DELAY=-1;DB_CLOSE_ON_EXIT=false', username='sa'
2022-02-23 20:23:20.963  INFO 13604 --- [    Test worker] o.f.c.internal.database.DatabaseFactory  : Database: jdbc:h2:mem:testdb (H2 1.4)
2022-02-23 20:23:20.964  WARN 13604 --- [    Test worker] o.f.c.internal.database.base.Database    : Flyway upgrade recommended: H2 1.4.200 is newer than this version of Flyway and support has not been tested.
2022-02-23 20:23:20.971  INFO 13604 --- [    Test worker] o.f.core.internal.command.DbValidate     : Successfully validated 2 migrations (execution time 00:00.002s)
2022-02-23 20:23:20.972  INFO 13604 --- [    Test worker] o.f.c.i.s.JdbcTableSchemaHistory         : Creating Schema History table: "PUBLIC"."flyway_schema_history"
2022-02-23 20:23:20.977  INFO 13604 --- [    Test worker] o.f.core.internal.command.DbMigrate      : Current version of schema "PUBLIC": << Empty Schema >>
2022-02-23 20:23:20.977  INFO 13604 --- [    Test worker] o.f.core.internal.command.DbMigrate      : Migrating schema "PUBLIC" to version 1.0 - schema
2022-02-23 20:23:20.979  INFO 13604 --- [    Test worker] o.f.core.internal.command.DbMigrate      : Migrating schema "PUBLIC" to version 1.1 - data
2022-02-23 20:23:20.989  INFO 13604 --- [    Test worker] o.f.core.internal.command.DbMigrate      : Successfully applied 2 migrations to schema "PUBLIC" (execution time 00:00.017s)
2022-02-23 20:23:21.142  INFO 13604 --- [    Test worker] o.s.b.t.m.w.SpringBootMockServletContext : Initializing Spring TestDispatcherServlet ''
2022-02-23 20:23:21.142  INFO 13604 --- [    Test worker] o.s.t.web.servlet.TestDispatcherServlet  : Initializing Servlet ''
2022-02-23 20:23:21.142  INFO 13604 --- [    Test worker] o.s.t.web.servlet.TestDispatcherServlet  : Completed initialization in 0 ms
2022-02-23 20:23:21.149  INFO 13604 --- [    Test worker] d.s.w.p.DocumentationPluginsBootstrapper : Context refreshed
2022-02-23 20:23:21.152  INFO 13604 --- [    Test worker] d.s.w.p.DocumentationPluginsBootstrapper : Found 1 custom documentation plugin(s)
2022-02-23 20:23:21.156  INFO 13604 --- [    Test worker] s.d.s.w.s.ApiListingReferenceScanner     : Scanning for api listing references
2022-02-23 20:23:21.163  INFO 13604 --- [    Test worker] .d.s.w.r.o.CachingOperationNameGenerator : Generating unique operation named: crearUsingPOST_1
2022-02-23 20:23:21.165  INFO 13604 --- [    Test worker] .d.s.w.r.o.CachingOperationNameGenerator : Generating unique operation named: actualizarUsingPUT_1
2022-02-23 20:23:21.166  INFO 13604 --- [    Test worker] .d.s.w.r.o.CachingOperationNameGenerator : Generating unique operation named: crearUsingPOST_2
2022-02-23 20:23:21.167  INFO 13604 --- [    Test worker] .d.s.w.r.o.CachingOperationNameGenerator : Generating unique operation named: eliminarUsingDELETE_1
2022-02-23 20:23:21.170  INFO 13604 --- [    Test worker] .d.s.w.r.o.CachingOperationNameGenerator : Generating unique operation named: listarUsingGET_1
2022-02-23 20:23:21.174  INFO 13604 --- [    Test worker] .d.s.w.r.o.CachingOperationNameGenerator : Generating unique operation named: listarUsingGET_2
2022-02-23 20:23:21.177  INFO 13604 --- [    Test worker] c.c.u.c.ComandoControladorUsuarioTest    : Started ComandoControladorUsuarioTest in 0.711 seconds (JVM running for 16.395)
2022-02-23 20:23:21.189  INFO 13604 --- [    Test worker] o.s.j.d.e.EmbeddedDatabaseFactory        : Shutting down embedded database: url='jdbc:h2:mem:testdb;DB_CLOSE_DELAY=-1;DB_CLOSE_ON_EXIT=false'
2022-02-23 20:23:21.401  INFO 13604 --- [    Test worker] com.zaxxer.hikari.HikariDataSource       : pool - Shutdown initiated...
2022-02-23 20:23:21.403  INFO 13604 --- [    Test worker] com.zaxxer.hikari.HikariDataSource       : pool - Shutdown completed.
]]></system-out>
  <system-err><![CDATA[]]></system-err>
</testsuite>
