<?xml version="1.0" encoding="UTF-8"?>
<testsuite name="com.ceiba.cliente.controlador.ConsultaControladorClienteTest" tests="2" skipped="0" failures="0" errors="0" timestamp="2022-02-24T18:33:11" hostname="JAVIER-APONTE" time="1.399">
  <properties/>
  <testcase name="Deberia listar clientes" classname="com.ceiba.cliente.controlador.ConsultaControladorClienteTest" time="0.225"/>
  <testcase name="Deberia traer un cliente" classname="com.ceiba.cliente.controlador.ConsultaControladorClienteTest" time="0.234"/>
  <system-out><![CDATA[2022-02-24 13:33:10.557  INFO 5096 --- [    Test worker] o.s.t.c.support.AbstractContextLoader    : Could not detect default resource locations for test class [com.ceiba.cliente.controlador.ConsultaControladorClienteTest]: no resource found for suffixes {-context.xml, Context.groovy}.
2022-02-24 13:33:10.560  INFO 5096 --- [    Test worker] .b.t.a.w.s.WebMvcTestContextBootstrapper : Loaded default TestExecutionListener class names from location [META-INF/spring.factories]: [org.springframework.boot.test.autoconfigure.restdocs.RestDocsTestExecutionListener, org.springframework.boot.test.autoconfigure.web.client.MockRestServiceServerResetTestExecutionListener, org.springframework.boot.test.autoconfigure.web.servlet.MockMvcPrintOnlyOnFailureTestExecutionListener, org.springframework.boot.test.autoconfigure.web.servlet.WebDriverTestExecutionListener, org.springframework.boot.test.autoconfigure.webservices.client.MockWebServiceServerTestExecutionListener, org.springframework.boot.test.mock.mockito.MockitoTestExecutionListener, org.springframework.boot.test.mock.mockito.ResetMocksTestExecutionListener, org.springframework.test.context.web.ServletTestExecutionListener, org.springframework.test.context.support.DirtiesContextBeforeModesTestExecutionListener, org.springframework.test.context.event.ApplicationEventsTestExecutionListener, org.springframework.test.context.support.DependencyInjectionTestExecutionListener, org.springframework.test.context.support.DirtiesContextTestExecutionListener, org.springframework.test.context.transaction.TransactionalTestExecutionListener, org.springframework.test.context.jdbc.SqlScriptsTestExecutionListener, org.springframework.test.context.event.EventPublishingTestExecutionListener]
2022-02-24 13:33:10.560  INFO 5096 --- [    Test worker] .b.t.a.w.s.WebMvcTestContextBootstrapper : Using TestExecutionListeners: [org.springframework.test.context.web.ServletTestExecutionListener@69fc3dc7, org.springframework.test.context.support.DirtiesContextBeforeModesTestExecutionListener@1ebd70c7, org.springframework.test.context.event.ApplicationEventsTestExecutionListener@6484c856, org.springframework.boot.test.mock.mockito.MockitoTestExecutionListener@429664e5, org.springframework.boot.test.autoconfigure.SpringBootDependencyInjectionTestExecutionListener@4a8c7b75, org.springframework.test.context.support.DirtiesContextTestExecutionListener@3f4201ab, org.springframework.test.context.transaction.TransactionalTestExecutionListener@7dc6a86d, org.springframework.test.context.jdbc.SqlScriptsTestExecutionListener@c864a7c, org.springframework.test.context.event.EventPublishingTestExecutionListener@25f8cf4a, org.springframework.boot.test.autoconfigure.restdocs.RestDocsTestExecutionListener@a18dd07, org.springframework.boot.test.autoconfigure.web.client.MockRestServiceServerResetTestExecutionListener@425589e9, org.springframework.boot.test.autoconfigure.web.servlet.MockMvcPrintOnlyOnFailureTestExecutionListener@7cbefe75, org.springframework.boot.test.autoconfigure.web.servlet.WebDriverTestExecutionListener@1fdfec37, org.springframework.boot.test.autoconfigure.webservices.client.MockWebServiceServerTestExecutionListener@5363ea2e, org.springframework.boot.test.mock.mockito.ResetMocksTestExecutionListener@3d972b6a]

  .   ____          _            __ _ _
 /\\ / ___'_ __ _ _(_)_ __  __ _ \ \ \ \
( ( )\___ | '_ | '_| | '_ \/ _` | \ \ \ \
 \\/  ___)| |_)| | | | | || (_| |  ) ) ) )
  '  |____| .__|_| |_|_| |_\__, | / / / /
 =========|_|==============|___/=/_/_/_/
 :: Spring Boot ::                (v2.5.3)

2022-02-24 13:33:10.589  INFO 5096 --- [    Test worker] c.c.c.c.ConsultaControladorClienteTest   : Starting ConsultaControladorClienteTest using Java 1.8.0_202 on JAVIER-APONTE with PID 5096 (started by javier.aponte in C:\Users\javier.aponte\Documents\Desarrollo\ADN3\certificaciones\java-arquitectura-hexagonal\certificaciones\infraestructura)
2022-02-24 13:33:10.590  INFO 5096 --- [    Test worker] c.c.c.c.ConsultaControladorClienteTest   : No active profile set, falling back to default profiles: default
2022-02-24 13:33:10.858  INFO 5096 --- [    Test worker] com.zaxxer.hikari.HikariDataSource       : pool - Starting...
2022-02-24 13:33:10.861  INFO 5096 --- [    Test worker] com.zaxxer.hikari.HikariDataSource       : pool - Start completed.
2022-02-24 13:33:11.276  INFO 5096 --- [    Test worker] pertySourcedRequestMappingHandlerMapping : Mapped URL path [/v2/api-docs] onto method [springfox.documentation.swagger2.web.Swagger2Controller#getDocumentation(String, HttpServletRequest)]
2022-02-24 13:33:11.278  INFO 5096 --- [    Test worker] o.s.j.d.e.EmbeddedDatabaseFactory        : Starting embedded database: url='jdbc:h2:mem:testdb;DB_CLOSE_DELAY=-1;DB_CLOSE_ON_EXIT=false', username='sa'
2022-02-24 13:33:11.283  INFO 5096 --- [    Test worker] o.f.c.internal.database.DatabaseFactory  : Database: jdbc:h2:mem:testdb (H2 1.4)
2022-02-24 13:33:11.284  WARN 5096 --- [    Test worker] o.f.c.internal.database.base.Database    : Flyway upgrade recommended: H2 1.4.200 is newer than this version of Flyway and support has not been tested.
2022-02-24 13:33:11.292  INFO 5096 --- [    Test worker] o.f.core.internal.command.DbValidate     : Successfully validated 2 migrations (execution time 00:00.002s)
2022-02-24 13:33:11.295  INFO 5096 --- [    Test worker] o.f.c.i.s.JdbcTableSchemaHistory         : Creating Schema History table: "PUBLIC"."flyway_schema_history"
2022-02-24 13:33:11.301  INFO 5096 --- [    Test worker] o.f.core.internal.command.DbMigrate      : Current version of schema "PUBLIC": << Empty Schema >>
2022-02-24 13:33:11.302  INFO 5096 --- [    Test worker] o.f.core.internal.command.DbMigrate      : Migrating schema "PUBLIC" to version 1.0 - schema
2022-02-24 13:33:11.313  INFO 5096 --- [    Test worker] o.f.core.internal.command.DbMigrate      : Migrating schema "PUBLIC" to version 1.1 - data
2022-02-24 13:33:11.320  INFO 5096 --- [    Test worker] o.f.core.internal.command.DbMigrate      : Successfully applied 2 migrations to schema "PUBLIC" (execution time 00:00.025s)
2022-02-24 13:33:11.530  INFO 5096 --- [    Test worker] o.s.b.t.m.w.SpringBootMockServletContext : Initializing Spring TestDispatcherServlet ''
2022-02-24 13:33:11.530  INFO 5096 --- [    Test worker] o.s.t.web.servlet.TestDispatcherServlet  : Initializing Servlet ''
2022-02-24 13:33:11.531  INFO 5096 --- [    Test worker] o.s.t.web.servlet.TestDispatcherServlet  : Completed initialization in 1 ms
2022-02-24 13:33:11.543  INFO 5096 --- [    Test worker] d.s.w.p.DocumentationPluginsBootstrapper : Context refreshed
2022-02-24 13:33:11.544  INFO 5096 --- [    Test worker] d.s.w.p.DocumentationPluginsBootstrapper : Found 1 custom documentation plugin(s)
2022-02-24 13:33:11.550  INFO 5096 --- [    Test worker] s.d.s.w.s.ApiListingReferenceScanner     : Scanning for api listing references
2022-02-24 13:33:11.562  INFO 5096 --- [    Test worker] .d.s.w.r.o.CachingOperationNameGenerator : Generating unique operation named: crearUsingPOST_1
2022-02-24 13:33:11.565  INFO 5096 --- [    Test worker] .d.s.w.r.o.CachingOperationNameGenerator : Generating unique operation named: actualizarUsingPUT_1
2022-02-24 13:33:11.567  INFO 5096 --- [    Test worker] .d.s.w.r.o.CachingOperationNameGenerator : Generating unique operation named: crearUsingPOST_2
2022-02-24 13:33:11.568  INFO 5096 --- [    Test worker] .d.s.w.r.o.CachingOperationNameGenerator : Generating unique operation named: eliminarUsingDELETE_1
2022-02-24 13:33:11.574  INFO 5096 --- [    Test worker] .d.s.w.r.o.CachingOperationNameGenerator : Generating unique operation named: listarUsingGET_1
2022-02-24 13:33:11.579  INFO 5096 --- [    Test worker] .d.s.w.r.o.CachingOperationNameGenerator : Generating unique operation named: listarUsingGET_2
2022-02-24 13:33:11.582  INFO 5096 --- [    Test worker] c.c.c.c.ConsultaControladorClienteTest   : Started ConsultaControladorClienteTest in 1.019 seconds (JVM running for 12.977)
2022-02-24 13:33:11.597  INFO 5096 --- [    Test worker] o.s.j.d.e.EmbeddedDatabaseFactory        : Shutting down embedded database: url='jdbc:h2:mem:testdb;DB_CLOSE_DELAY=-1;DB_CLOSE_ON_EXIT=false'
2022-02-24 13:33:11.809  INFO 5096 --- [    Test worker] com.zaxxer.hikari.HikariDataSource       : pool - Shutdown initiated...
2022-02-24 13:33:11.810  INFO 5096 --- [    Test worker] com.zaxxer.hikari.HikariDataSource       : pool - Shutdown completed.

  .   ____          _            __ _ _
 /\\ / ___'_ __ _ _(_)_ __  __ _ \ \ \ \
( ( )\___ | '_ | '_| | '_ \/ _` | \ \ \ \
 \\/  ___)| |_)| | | | | || (_| |  ) ) ) )
  '  |____| .__|_| |_|_| |_\__, | / / / /
 =========|_|==============|___/=/_/_/_/
 :: Spring Boot ::                (v2.5.3)

2022-02-24 13:33:11.844  INFO 5096 --- [    Test worker] c.c.c.c.ConsultaControladorClienteTest   : Starting ConsultaControladorClienteTest using Java 1.8.0_202 on JAVIER-APONTE with PID 5096 (started by javier.aponte in C:\Users\javier.aponte\Documents\Desarrollo\ADN3\certificaciones\java-arquitectura-hexagonal\certificaciones\infraestructura)
2022-02-24 13:33:11.845  INFO 5096 --- [    Test worker] c.c.c.c.ConsultaControladorClienteTest   : No active profile set, falling back to default profiles: default
2022-02-24 13:33:12.075  INFO 5096 --- [    Test worker] com.zaxxer.hikari.HikariDataSource       : pool - Starting...
2022-02-24 13:33:12.076  INFO 5096 --- [    Test worker] com.zaxxer.hikari.HikariDataSource       : pool - Start completed.
2022-02-24 13:33:12.466  INFO 5096 --- [    Test worker] pertySourcedRequestMappingHandlerMapping : Mapped URL path [/v2/api-docs] onto method [springfox.documentation.swagger2.web.Swagger2Controller#getDocumentation(String, HttpServletRequest)]
2022-02-24 13:33:12.468  INFO 5096 --- [    Test worker] o.s.j.d.e.EmbeddedDatabaseFactory        : Starting embedded database: url='jdbc:h2:mem:testdb;DB_CLOSE_DELAY=-1;DB_CLOSE_ON_EXIT=false', username='sa'
2022-02-24 13:33:12.473  INFO 5096 --- [    Test worker] o.f.c.internal.database.DatabaseFactory  : Database: jdbc:h2:mem:testdb (H2 1.4)
2022-02-24 13:33:12.474  WARN 5096 --- [    Test worker] o.f.c.internal.database.base.Database    : Flyway upgrade recommended: H2 1.4.200 is newer than this version of Flyway and support has not been tested.
2022-02-24 13:33:12.481  INFO 5096 --- [    Test worker] o.f.core.internal.command.DbValidate     : Successfully validated 2 migrations (execution time 00:00.002s)
2022-02-24 13:33:12.483  INFO 5096 --- [    Test worker] o.f.c.i.s.JdbcTableSchemaHistory         : Creating Schema History table: "PUBLIC"."flyway_schema_history"
2022-02-24 13:33:12.487  INFO 5096 --- [    Test worker] o.f.core.internal.command.DbMigrate      : Current version of schema "PUBLIC": << Empty Schema >>
2022-02-24 13:33:12.488  INFO 5096 --- [    Test worker] o.f.core.internal.command.DbMigrate      : Migrating schema "PUBLIC" to version 1.0 - schema
2022-02-24 13:33:12.496  INFO 5096 --- [    Test worker] o.f.core.internal.command.DbMigrate      : Migrating schema "PUBLIC" to version 1.1 - data
2022-02-24 13:33:12.501  INFO 5096 --- [    Test worker] o.f.core.internal.command.DbMigrate      : Successfully applied 2 migrations to schema "PUBLIC" (execution time 00:00.018s)
2022-02-24 13:33:12.688  INFO 5096 --- [    Test worker] o.s.b.t.m.w.SpringBootMockServletContext : Initializing Spring TestDispatcherServlet ''
2022-02-24 13:33:12.689  INFO 5096 --- [    Test worker] o.s.t.web.servlet.TestDispatcherServlet  : Initializing Servlet ''
2022-02-24 13:33:12.689  INFO 5096 --- [    Test worker] o.s.t.web.servlet.TestDispatcherServlet  : Completed initialization in 0 ms
2022-02-24 13:33:12.703  INFO 5096 --- [    Test worker] d.s.w.p.DocumentationPluginsBootstrapper : Context refreshed
2022-02-24 13:33:12.704  INFO 5096 --- [    Test worker] d.s.w.p.DocumentationPluginsBootstrapper : Found 1 custom documentation plugin(s)
2022-02-24 13:33:12.712  INFO 5096 --- [    Test worker] s.d.s.w.s.ApiListingReferenceScanner     : Scanning for api listing references
2022-02-24 13:33:12.727  INFO 5096 --- [    Test worker] .d.s.w.r.o.CachingOperationNameGenerator : Generating unique operation named: crearUsingPOST_1
2022-02-24 13:33:12.730  INFO 5096 --- [    Test worker] .d.s.w.r.o.CachingOperationNameGenerator : Generating unique operation named: actualizarUsingPUT_1
2022-02-24 13:33:12.732  INFO 5096 --- [    Test worker] .d.s.w.r.o.CachingOperationNameGenerator : Generating unique operation named: crearUsingPOST_2
2022-02-24 13:33:12.733  INFO 5096 --- [    Test worker] .d.s.w.r.o.CachingOperationNameGenerator : Generating unique operation named: eliminarUsingDELETE_1
2022-02-24 13:33:12.738  INFO 5096 --- [    Test worker] .d.s.w.r.o.CachingOperationNameGenerator : Generating unique operation named: listarUsingGET_1
2022-02-24 13:33:12.743  INFO 5096 --- [    Test worker] .d.s.w.r.o.CachingOperationNameGenerator : Generating unique operation named: listarUsingGET_2
2022-02-24 13:33:12.748  INFO 5096 --- [    Test worker] c.c.c.c.ConsultaControladorClienteTest   : Started ConsultaControladorClienteTest in 0.934 seconds (JVM running for 14.143)
2022-02-24 13:33:12.762  INFO 5096 --- [    Test worker] o.s.j.d.e.EmbeddedDatabaseFactory        : Shutting down embedded database: url='jdbc:h2:mem:testdb;DB_CLOSE_DELAY=-1;DB_CLOSE_ON_EXIT=false'
2022-02-24 13:33:12.971  INFO 5096 --- [    Test worker] com.zaxxer.hikari.HikariDataSource       : pool - Shutdown initiated...
2022-02-24 13:33:12.984  INFO 5096 --- [    Test worker] com.zaxxer.hikari.HikariDataSource       : pool - Shutdown completed.
]]></system-out>
  <system-err><![CDATA[]]></system-err>
</testsuite>
