<?xml version="1.0" encoding="UTF-8"?>
<testsuite name="com.ceiba.certificacion.controlador.ConsultaControladorCertificacionTest" tests="1" skipped="0" failures="0" errors="0" timestamp="2022-02-24T18:33:10" hostname="JAVIER-APONTE" time="0.219">
  <properties/>
  <testcase name="Deberia listar certificaciones" classname="com.ceiba.certificacion.controlador.ConsultaControladorCertificacionTest" time="0.219"/>
  <system-out><![CDATA[2022-02-24 13:33:09.320  INFO 5096 --- [    Test worker] o.s.t.c.support.AbstractContextLoader    : Could not detect default resource locations for test class [com.ceiba.certificacion.controlador.ConsultaControladorCertificacionTest]: no resource found for suffixes {-context.xml, Context.groovy}.
2022-02-24 13:33:09.323  INFO 5096 --- [    Test worker] .b.t.a.w.s.WebMvcTestContextBootstrapper : Loaded default TestExecutionListener class names from location [META-INF/spring.factories]: [org.springframework.boot.test.autoconfigure.restdocs.RestDocsTestExecutionListener, org.springframework.boot.test.autoconfigure.web.client.MockRestServiceServerResetTestExecutionListener, org.springframework.boot.test.autoconfigure.web.servlet.MockMvcPrintOnlyOnFailureTestExecutionListener, org.springframework.boot.test.autoconfigure.web.servlet.WebDriverTestExecutionListener, org.springframework.boot.test.autoconfigure.webservices.client.MockWebServiceServerTestExecutionListener, org.springframework.boot.test.mock.mockito.MockitoTestExecutionListener, org.springframework.boot.test.mock.mockito.ResetMocksTestExecutionListener, org.springframework.test.context.web.ServletTestExecutionListener, org.springframework.test.context.support.DirtiesContextBeforeModesTestExecutionListener, org.springframework.test.context.event.ApplicationEventsTestExecutionListener, org.springframework.test.context.support.DependencyInjectionTestExecutionListener, org.springframework.test.context.support.DirtiesContextTestExecutionListener, org.springframework.test.context.transaction.TransactionalTestExecutionListener, org.springframework.test.context.jdbc.SqlScriptsTestExecutionListener, org.springframework.test.context.event.EventPublishingTestExecutionListener]
2022-02-24 13:33:09.323  INFO 5096 --- [    Test worker] .b.t.a.w.s.WebMvcTestContextBootstrapper : Using TestExecutionListeners: [org.springframework.test.context.web.ServletTestExecutionListener@5132085f, org.springframework.test.context.support.DirtiesContextBeforeModesTestExecutionListener@4449656b, org.springframework.test.context.event.ApplicationEventsTestExecutionListener@63b9c64b, org.springframework.boot.test.mock.mockito.MockitoTestExecutionListener@3e82fbfe, org.springframework.boot.test.autoconfigure.SpringBootDependencyInjectionTestExecutionListener@7fb37c81, org.springframework.test.context.support.DirtiesContextTestExecutionListener@70de2c21, org.springframework.test.context.transaction.TransactionalTestExecutionListener@5d7837ef, org.springframework.test.context.jdbc.SqlScriptsTestExecutionListener@740c6ab5, org.springframework.test.context.event.EventPublishingTestExecutionListener@10bf47c1, org.springframework.boot.test.autoconfigure.restdocs.RestDocsTestExecutionListener@1181ced3, org.springframework.boot.test.autoconfigure.web.client.MockRestServiceServerResetTestExecutionListener@dda4443, org.springframework.boot.test.autoconfigure.web.servlet.MockMvcPrintOnlyOnFailureTestExecutionListener@1a94ce8f, org.springframework.boot.test.autoconfigure.web.servlet.WebDriverTestExecutionListener@707f1353, org.springframework.boot.test.autoconfigure.webservices.client.MockWebServiceServerTestExecutionListener@6f97acd9, org.springframework.boot.test.mock.mockito.ResetMocksTestExecutionListener@30301534]

  .   ____          _            __ _ _
 /\\ / ___'_ __ _ _(_)_ __  __ _ \ \ \ \
( ( )\___ | '_ | '_| | '_ \/ _` | \ \ \ \
 \\/  ___)| |_)| | | | | || (_| |  ) ) ) )
  '  |____| .__|_| |_|_| |_\__, | / / / /
 =========|_|==============|___/=/_/_/_/
 :: Spring Boot ::                (v2.5.3)

2022-02-24 13:33:09.354  INFO 5096 --- [    Test worker] c.c.ConsultaControladorCertificacionTest : Starting ConsultaControladorCertificacionTest using Java 1.8.0_202 on JAVIER-APONTE with PID 5096 (started by javier.aponte in C:\Users\javier.aponte\Documents\Desarrollo\ADN3\certificaciones\java-arquitectura-hexagonal\certificaciones\infraestructura)
2022-02-24 13:33:09.355  INFO 5096 --- [    Test worker] c.c.ConsultaControladorCertificacionTest : No active profile set, falling back to default profiles: default
2022-02-24 13:33:09.611  INFO 5096 --- [    Test worker] com.zaxxer.hikari.HikariDataSource       : pool - Starting...
2022-02-24 13:33:09.613  INFO 5096 --- [    Test worker] com.zaxxer.hikari.HikariDataSource       : pool - Start completed.
2022-02-24 13:33:10.029  INFO 5096 --- [    Test worker] pertySourcedRequestMappingHandlerMapping : Mapped URL path [/v2/api-docs] onto method [springfox.documentation.swagger2.web.Swagger2Controller#getDocumentation(String, HttpServletRequest)]
2022-02-24 13:33:10.031  INFO 5096 --- [    Test worker] o.s.j.d.e.EmbeddedDatabaseFactory        : Starting embedded database: url='jdbc:h2:mem:testdb;DB_CLOSE_DELAY=-1;DB_CLOSE_ON_EXIT=false', username='sa'
2022-02-24 13:33:10.036  INFO 5096 --- [    Test worker] o.f.c.internal.database.DatabaseFactory  : Database: jdbc:h2:mem:testdb (H2 1.4)
2022-02-24 13:33:10.038  WARN 5096 --- [    Test worker] o.f.c.internal.database.base.Database    : Flyway upgrade recommended: H2 1.4.200 is newer than this version of Flyway and support has not been tested.
2022-02-24 13:33:10.045  INFO 5096 --- [    Test worker] o.f.core.internal.command.DbValidate     : Successfully validated 2 migrations (execution time 00:00.002s)
2022-02-24 13:33:10.049  INFO 5096 --- [    Test worker] o.f.c.i.s.JdbcTableSchemaHistory         : Creating Schema History table: "PUBLIC"."flyway_schema_history"
2022-02-24 13:33:10.056  INFO 5096 --- [    Test worker] o.f.core.internal.command.DbMigrate      : Current version of schema "PUBLIC": << Empty Schema >>
2022-02-24 13:33:10.057  INFO 5096 --- [    Test worker] o.f.core.internal.command.DbMigrate      : Migrating schema "PUBLIC" to version 1.0 - schema
2022-02-24 13:33:10.068  INFO 5096 --- [    Test worker] o.f.core.internal.command.DbMigrate      : Migrating schema "PUBLIC" to version 1.1 - data
2022-02-24 13:33:10.074  INFO 5096 --- [    Test worker] o.f.core.internal.command.DbMigrate      : Successfully applied 2 migrations to schema "PUBLIC" (execution time 00:00.026s)
2022-02-24 13:33:10.274  INFO 5096 --- [    Test worker] o.s.b.t.m.w.SpringBootMockServletContext : Initializing Spring TestDispatcherServlet ''
2022-02-24 13:33:10.275  INFO 5096 --- [    Test worker] o.s.t.web.servlet.TestDispatcherServlet  : Initializing Servlet ''
2022-02-24 13:33:10.275  INFO 5096 --- [    Test worker] o.s.t.web.servlet.TestDispatcherServlet  : Completed initialization in 0 ms
2022-02-24 13:33:10.292  INFO 5096 --- [    Test worker] d.s.w.p.DocumentationPluginsBootstrapper : Context refreshed
2022-02-24 13:33:10.293  INFO 5096 --- [    Test worker] d.s.w.p.DocumentationPluginsBootstrapper : Found 1 custom documentation plugin(s)
2022-02-24 13:33:10.300  INFO 5096 --- [    Test worker] s.d.s.w.s.ApiListingReferenceScanner     : Scanning for api listing references
2022-02-24 13:33:10.312  INFO 5096 --- [    Test worker] .d.s.w.r.o.CachingOperationNameGenerator : Generating unique operation named: crearUsingPOST_1
2022-02-24 13:33:10.315  INFO 5096 --- [    Test worker] .d.s.w.r.o.CachingOperationNameGenerator : Generating unique operation named: actualizarUsingPUT_1
2022-02-24 13:33:10.317  INFO 5096 --- [    Test worker] .d.s.w.r.o.CachingOperationNameGenerator : Generating unique operation named: crearUsingPOST_2
2022-02-24 13:33:10.318  INFO 5096 --- [    Test worker] .d.s.w.r.o.CachingOperationNameGenerator : Generating unique operation named: eliminarUsingDELETE_1
2022-02-24 13:33:10.324  INFO 5096 --- [    Test worker] .d.s.w.r.o.CachingOperationNameGenerator : Generating unique operation named: listarUsingGET_1
2022-02-24 13:33:10.329  INFO 5096 --- [    Test worker] .d.s.w.r.o.CachingOperationNameGenerator : Generating unique operation named: listarUsingGET_2
2022-02-24 13:33:10.333  INFO 5096 --- [    Test worker] c.c.ConsultaControladorCertificacionTest : Started ConsultaControladorCertificacionTest in 1.008 seconds (JVM running for 11.729)
2022-02-24 13:33:10.348  INFO 5096 --- [    Test worker] o.s.j.d.e.EmbeddedDatabaseFactory        : Shutting down embedded database: url='jdbc:h2:mem:testdb;DB_CLOSE_DELAY=-1;DB_CLOSE_ON_EXIT=false'
2022-02-24 13:33:10.553  INFO 5096 --- [    Test worker] com.zaxxer.hikari.HikariDataSource       : pool - Shutdown initiated...
2022-02-24 13:33:10.555  INFO 5096 --- [    Test worker] com.zaxxer.hikari.HikariDataSource       : pool - Shutdown completed.
]]></system-out>
  <system-err><![CDATA[]]></system-err>
</testsuite>
