<?xml version="1.0" encoding="UTF-8"?>
<testsuite name="com.ceiba.examen.controlador.ComandoControladorExamenTest" tests="1" skipped="0" failures="0" errors="0" timestamp="2022-02-24T18:33:13" hostname="JAVIER-APONTE" time="0.225">
  <properties/>
  <testcase name="Deberia no crear un examen que ya está asignado a un cliente y certificación" classname="com.ceiba.examen.controlador.ComandoControladorExamenTest" time="0.225"/>
  <system-out><![CDATA[2022-02-24 13:33:12.991  INFO 5096 --- [    Test worker] o.s.t.c.support.AbstractContextLoader    : Could not detect default resource locations for test class [com.ceiba.examen.controlador.ComandoControladorExamenTest]: no resource found for suffixes {-context.xml, Context.groovy}.
2022-02-24 13:33:12.998  INFO 5096 --- [    Test worker] .b.t.a.w.s.WebMvcTestContextBootstrapper : Loaded default TestExecutionListener class names from location [META-INF/spring.factories]: [org.springframework.boot.test.autoconfigure.restdocs.RestDocsTestExecutionListener, org.springframework.boot.test.autoconfigure.web.client.MockRestServiceServerResetTestExecutionListener, org.springframework.boot.test.autoconfigure.web.servlet.MockMvcPrintOnlyOnFailureTestExecutionListener, org.springframework.boot.test.autoconfigure.web.servlet.WebDriverTestExecutionListener, org.springframework.boot.test.autoconfigure.webservices.client.MockWebServiceServerTestExecutionListener, org.springframework.boot.test.mock.mockito.MockitoTestExecutionListener, org.springframework.boot.test.mock.mockito.ResetMocksTestExecutionListener, org.springframework.test.context.web.ServletTestExecutionListener, org.springframework.test.context.support.DirtiesContextBeforeModesTestExecutionListener, org.springframework.test.context.event.ApplicationEventsTestExecutionListener, org.springframework.test.context.support.DependencyInjectionTestExecutionListener, org.springframework.test.context.support.DirtiesContextTestExecutionListener, org.springframework.test.context.transaction.TransactionalTestExecutionListener, org.springframework.test.context.jdbc.SqlScriptsTestExecutionListener, org.springframework.test.context.event.EventPublishingTestExecutionListener]
2022-02-24 13:33:12.999  INFO 5096 --- [    Test worker] .b.t.a.w.s.WebMvcTestContextBootstrapper : Using TestExecutionListeners: [org.springframework.test.context.web.ServletTestExecutionListener@74973845, org.springframework.test.context.support.DirtiesContextBeforeModesTestExecutionListener@6d297e87, org.springframework.test.context.event.ApplicationEventsTestExecutionListener@4bcf082e, org.springframework.boot.test.mock.mockito.MockitoTestExecutionListener@432dea76, org.springframework.boot.test.autoconfigure.SpringBootDependencyInjectionTestExecutionListener@eb5b746, org.springframework.test.context.support.DirtiesContextTestExecutionListener@28ce2d51, org.springframework.test.context.transaction.TransactionalTestExecutionListener@1bf3ce1e, org.springframework.test.context.jdbc.SqlScriptsTestExecutionListener@3721e94c, org.springframework.test.context.event.EventPublishingTestExecutionListener@148d7769, org.springframework.boot.test.autoconfigure.restdocs.RestDocsTestExecutionListener@4df0740c, org.springframework.boot.test.autoconfigure.web.client.MockRestServiceServerResetTestExecutionListener@48f6d092, org.springframework.boot.test.autoconfigure.web.servlet.MockMvcPrintOnlyOnFailureTestExecutionListener@70253b49, org.springframework.boot.test.autoconfigure.web.servlet.WebDriverTestExecutionListener@f6c2c1b, org.springframework.boot.test.autoconfigure.webservices.client.MockWebServiceServerTestExecutionListener@417279ee, org.springframework.boot.test.mock.mockito.ResetMocksTestExecutionListener@3ffe5312]

  .   ____          _            __ _ _
 /\\ / ___'_ __ _ _(_)_ __  __ _ \ \ \ \
( ( )\___ | '_ | '_| | '_ \/ _` | \ \ \ \
 \\/  ___)| |_)| | | | | || (_| |  ) ) ) )
  '  |____| .__|_| |_|_| |_\__, | / / / /
 =========|_|==============|___/=/_/_/_/
 :: Spring Boot ::                (v2.5.3)

2022-02-24 13:33:13.046  INFO 5096 --- [    Test worker] c.c.e.c.ComandoControladorExamenTest     : Starting ComandoControladorExamenTest using Java 1.8.0_202 on JAVIER-APONTE with PID 5096 (started by javier.aponte in C:\Users\javier.aponte\Documents\Desarrollo\ADN3\certificaciones\java-arquitectura-hexagonal\certificaciones\infraestructura)
2022-02-24 13:33:13.047  INFO 5096 --- [    Test worker] c.c.e.c.ComandoControladorExamenTest     : No active profile set, falling back to default profiles: default
2022-02-24 13:33:13.270  INFO 5096 --- [    Test worker] com.zaxxer.hikari.HikariDataSource       : pool - Starting...
2022-02-24 13:33:13.272  INFO 5096 --- [    Test worker] com.zaxxer.hikari.HikariDataSource       : pool - Start completed.
2022-02-24 13:33:13.681  INFO 5096 --- [    Test worker] pertySourcedRequestMappingHandlerMapping : Mapped URL path [/v2/api-docs] onto method [springfox.documentation.swagger2.web.Swagger2Controller#getDocumentation(String, HttpServletRequest)]
2022-02-24 13:33:13.683  INFO 5096 --- [    Test worker] o.s.j.d.e.EmbeddedDatabaseFactory        : Starting embedded database: url='jdbc:h2:mem:testdb;DB_CLOSE_DELAY=-1;DB_CLOSE_ON_EXIT=false', username='sa'
2022-02-24 13:33:13.688  INFO 5096 --- [    Test worker] o.f.c.internal.database.DatabaseFactory  : Database: jdbc:h2:mem:testdb (H2 1.4)
2022-02-24 13:33:13.689  WARN 5096 --- [    Test worker] o.f.c.internal.database.base.Database    : Flyway upgrade recommended: H2 1.4.200 is newer than this version of Flyway and support has not been tested.
2022-02-24 13:33:13.696  INFO 5096 --- [    Test worker] o.f.core.internal.command.DbValidate     : Successfully validated 2 migrations (execution time 00:00.003s)
2022-02-24 13:33:13.699  INFO 5096 --- [    Test worker] o.f.c.i.s.JdbcTableSchemaHistory         : Creating Schema History table: "PUBLIC"."flyway_schema_history"
2022-02-24 13:33:13.704  INFO 5096 --- [    Test worker] o.f.core.internal.command.DbMigrate      : Current version of schema "PUBLIC": << Empty Schema >>
2022-02-24 13:33:13.704  INFO 5096 --- [    Test worker] o.f.core.internal.command.DbMigrate      : Migrating schema "PUBLIC" to version 1.0 - schema
2022-02-24 13:33:13.711  INFO 5096 --- [    Test worker] o.f.core.internal.command.DbMigrate      : Migrating schema "PUBLIC" to version 1.1 - data
2022-02-24 13:33:13.715  INFO 5096 --- [    Test worker] o.f.core.internal.command.DbMigrate      : Successfully applied 2 migrations to schema "PUBLIC" (execution time 00:00.017s)
2022-02-24 13:33:13.895  INFO 5096 --- [    Test worker] o.s.b.t.m.w.SpringBootMockServletContext : Initializing Spring TestDispatcherServlet ''
2022-02-24 13:33:13.896  INFO 5096 --- [    Test worker] o.s.t.web.servlet.TestDispatcherServlet  : Initializing Servlet ''
2022-02-24 13:33:13.896  INFO 5096 --- [    Test worker] o.s.t.web.servlet.TestDispatcherServlet  : Completed initialization in 0 ms
2022-02-24 13:33:13.911  INFO 5096 --- [    Test worker] d.s.w.p.DocumentationPluginsBootstrapper : Context refreshed
2022-02-24 13:33:13.911  INFO 5096 --- [    Test worker] d.s.w.p.DocumentationPluginsBootstrapper : Found 1 custom documentation plugin(s)
2022-02-24 13:33:13.918  INFO 5096 --- [    Test worker] s.d.s.w.s.ApiListingReferenceScanner     : Scanning for api listing references
2022-02-24 13:33:13.927  INFO 5096 --- [    Test worker] .d.s.w.r.o.CachingOperationNameGenerator : Generating unique operation named: crearUsingPOST_1
2022-02-24 13:33:13.930  INFO 5096 --- [    Test worker] .d.s.w.r.o.CachingOperationNameGenerator : Generating unique operation named: actualizarUsingPUT_1
2022-02-24 13:33:13.932  INFO 5096 --- [    Test worker] .d.s.w.r.o.CachingOperationNameGenerator : Generating unique operation named: crearUsingPOST_2
2022-02-24 13:33:13.933  INFO 5096 --- [    Test worker] .d.s.w.r.o.CachingOperationNameGenerator : Generating unique operation named: eliminarUsingDELETE_1
2022-02-24 13:33:13.938  INFO 5096 --- [    Test worker] .d.s.w.r.o.CachingOperationNameGenerator : Generating unique operation named: listarUsingGET_1
2022-02-24 13:33:13.943  INFO 5096 --- [    Test worker] .d.s.w.r.o.CachingOperationNameGenerator : Generating unique operation named: listarUsingGET_2
2022-02-24 13:33:13.946  INFO 5096 --- [    Test worker] c.c.e.c.ComandoControladorExamenTest     : Started ComandoControladorExamenTest in 0.943 seconds (JVM running for 15.342)
2022-02-24 13:33:13.965  INFO 5096 --- [    Test worker] o.s.j.d.e.EmbeddedDatabaseFactory        : Shutting down embedded database: url='jdbc:h2:mem:testdb;DB_CLOSE_DELAY=-1;DB_CLOSE_ON_EXIT=false'
2022-02-24 13:33:14.173  INFO 5096 --- [    Test worker] com.zaxxer.hikari.HikariDataSource       : pool - Shutdown initiated...
2022-02-24 13:33:14.174  INFO 5096 --- [    Test worker] com.zaxxer.hikari.HikariDataSource       : pool - Shutdown completed.
]]></system-out>
  <system-err><![CDATA[]]></system-err>
</testsuite>
