<?xml version="1.0" encoding="UTF-8"?>
<testsuite name="com.ceiba.usuario.controlador.ComandoControladorUsuarioTest" tests="3" skipped="0" failures="0" errors="0" timestamp="2022-02-24T18:33:15" hostname="JAVIER-APONTE" time="2.271">
  <properties/>
  <testcase name="Deberia actualizar un usuario" classname="com.ceiba.usuario.controlador.ComandoControladorUsuarioTest" time="0.226"/>
  <testcase name="Deberia eliminar un usuario" classname="com.ceiba.usuario.controlador.ComandoControladorUsuarioTest" time="0.229"/>
  <testcase name="Deberia crear un usuario" classname="com.ceiba.usuario.controlador.ComandoControladorUsuarioTest" time="0.226"/>
  <system-out><![CDATA[2022-02-24 13:33:14.177  INFO 5096 --- [    Test worker] o.s.t.c.support.AbstractContextLoader    : Could not detect default resource locations for test class [com.ceiba.usuario.controlador.ComandoControladorUsuarioTest]: no resource found for suffixes {-context.xml, Context.groovy}.
2022-02-24 13:33:14.179  INFO 5096 --- [    Test worker] .b.t.a.w.s.WebMvcTestContextBootstrapper : Loaded default TestExecutionListener class names from location [META-INF/spring.factories]: [org.springframework.boot.test.autoconfigure.restdocs.RestDocsTestExecutionListener, org.springframework.boot.test.autoconfigure.web.client.MockRestServiceServerResetTestExecutionListener, org.springframework.boot.test.autoconfigure.web.servlet.MockMvcPrintOnlyOnFailureTestExecutionListener, org.springframework.boot.test.autoconfigure.web.servlet.WebDriverTestExecutionListener, org.springframework.boot.test.autoconfigure.webservices.client.MockWebServiceServerTestExecutionListener, org.springframework.boot.test.mock.mockito.MockitoTestExecutionListener, org.springframework.boot.test.mock.mockito.ResetMocksTestExecutionListener, org.springframework.test.context.web.ServletTestExecutionListener, org.springframework.test.context.support.DirtiesContextBeforeModesTestExecutionListener, org.springframework.test.context.event.ApplicationEventsTestExecutionListener, org.springframework.test.context.support.DependencyInjectionTestExecutionListener, org.springframework.test.context.support.DirtiesContextTestExecutionListener, org.springframework.test.context.transaction.TransactionalTestExecutionListener, org.springframework.test.context.jdbc.SqlScriptsTestExecutionListener, org.springframework.test.context.event.EventPublishingTestExecutionListener]
2022-02-24 13:33:14.179  INFO 5096 --- [    Test worker] .b.t.a.w.s.WebMvcTestContextBootstrapper : Using TestExecutionListeners: [org.springframework.test.context.web.ServletTestExecutionListener@2da51bcc, org.springframework.test.context.support.DirtiesContextBeforeModesTestExecutionListener@231f5c4a, org.springframework.test.context.event.ApplicationEventsTestExecutionListener@6058665d, org.springframework.boot.test.mock.mockito.MockitoTestExecutionListener@1a0acf10, org.springframework.boot.test.autoconfigure.SpringBootDependencyInjectionTestExecutionListener@1f74dce6, org.springframework.test.context.support.DirtiesContextTestExecutionListener@46503e4e, org.springframework.test.context.transaction.TransactionalTestExecutionListener@6599d257, org.springframework.test.context.jdbc.SqlScriptsTestExecutionListener@2927f3bb, org.springframework.test.context.event.EventPublishingTestExecutionListener@108d8995, org.springframework.boot.test.autoconfigure.restdocs.RestDocsTestExecutionListener@57e86784, org.springframework.boot.test.autoconfigure.web.client.MockRestServiceServerResetTestExecutionListener@7cc81c44, org.springframework.boot.test.autoconfigure.web.servlet.MockMvcPrintOnlyOnFailureTestExecutionListener@6a64924d, org.springframework.boot.test.autoconfigure.web.servlet.WebDriverTestExecutionListener@16d96fb5, org.springframework.boot.test.autoconfigure.webservices.client.MockWebServiceServerTestExecutionListener@299eead, org.springframework.boot.test.mock.mockito.ResetMocksTestExecutionListener@3e0ff886]

  .   ____          _            __ _ _
 /\\ / ___'_ __ _ _(_)_ __  __ _ \ \ \ \
( ( )\___ | '_ | '_| | '_ \/ _` | \ \ \ \
 \\/  ___)| |_)| | | | | || (_| |  ) ) ) )
  '  |____| .__|_| |_|_| |_\__, | / / / /
 =========|_|==============|___/=/_/_/_/
 :: Spring Boot ::                (v2.5.3)

2022-02-24 13:33:14.207  INFO 5096 --- [    Test worker] c.c.u.c.ComandoControladorUsuarioTest    : Starting ComandoControladorUsuarioTest using Java 1.8.0_202 on JAVIER-APONTE with PID 5096 (started by javier.aponte in C:\Users\javier.aponte\Documents\Desarrollo\ADN3\certificaciones\java-arquitectura-hexagonal\certificaciones\infraestructura)
2022-02-24 13:33:14.208  INFO 5096 --- [    Test worker] c.c.u.c.ComandoControladorUsuarioTest    : No active profile set, falling back to default profiles: default
2022-02-24 13:33:14.431  INFO 5096 --- [    Test worker] com.zaxxer.hikari.HikariDataSource       : pool - Starting...
2022-02-24 13:33:14.433  INFO 5096 --- [    Test worker] com.zaxxer.hikari.HikariDataSource       : pool - Start completed.
2022-02-24 13:33:14.781  INFO 5096 --- [    Test worker] pertySourcedRequestMappingHandlerMapping : Mapped URL path [/v2/api-docs] onto method [springfox.documentation.swagger2.web.Swagger2Controller#getDocumentation(String, HttpServletRequest)]
2022-02-24 13:33:14.783  INFO 5096 --- [    Test worker] o.s.j.d.e.EmbeddedDatabaseFactory        : Starting embedded database: url='jdbc:h2:mem:testdb;DB_CLOSE_DELAY=-1;DB_CLOSE_ON_EXIT=false', username='sa'
2022-02-24 13:33:14.789  INFO 5096 --- [    Test worker] o.f.c.internal.database.DatabaseFactory  : Database: jdbc:h2:mem:testdb (H2 1.4)
2022-02-24 13:33:14.790  WARN 5096 --- [    Test worker] o.f.c.internal.database.base.Database    : Flyway upgrade recommended: H2 1.4.200 is newer than this version of Flyway and support has not been tested.
2022-02-24 13:33:14.797  INFO 5096 --- [    Test worker] o.f.core.internal.command.DbValidate     : Successfully validated 2 migrations (execution time 00:00.002s)
2022-02-24 13:33:14.800  INFO 5096 --- [    Test worker] o.f.c.i.s.JdbcTableSchemaHistory         : Creating Schema History table: "PUBLIC"."flyway_schema_history"
2022-02-24 13:33:14.805  INFO 5096 --- [    Test worker] o.f.core.internal.command.DbMigrate      : Current version of schema "PUBLIC": << Empty Schema >>
2022-02-24 13:33:14.805  INFO 5096 --- [    Test worker] o.f.core.internal.command.DbMigrate      : Migrating schema "PUBLIC" to version 1.0 - schema
2022-02-24 13:33:14.813  INFO 5096 --- [    Test worker] o.f.core.internal.command.DbMigrate      : Migrating schema "PUBLIC" to version 1.1 - data
2022-02-24 13:33:14.818  INFO 5096 --- [    Test worker] o.f.core.internal.command.DbMigrate      : Successfully applied 2 migrations to schema "PUBLIC" (execution time 00:00.018s)
2022-02-24 13:33:14.988  INFO 5096 --- [    Test worker] o.s.b.t.m.w.SpringBootMockServletContext : Initializing Spring TestDispatcherServlet ''
2022-02-24 13:33:14.988  INFO 5096 --- [    Test worker] o.s.t.web.servlet.TestDispatcherServlet  : Initializing Servlet ''
2022-02-24 13:33:14.988  INFO 5096 --- [    Test worker] o.s.t.web.servlet.TestDispatcherServlet  : Completed initialization in 0 ms
2022-02-24 13:33:14.997  INFO 5096 --- [    Test worker] d.s.w.p.DocumentationPluginsBootstrapper : Context refreshed
2022-02-24 13:33:14.998  INFO 5096 --- [    Test worker] d.s.w.p.DocumentationPluginsBootstrapper : Found 1 custom documentation plugin(s)
2022-02-24 13:33:15.002  INFO 5096 --- [    Test worker] s.d.s.w.s.ApiListingReferenceScanner     : Scanning for api listing references
2022-02-24 13:33:15.013  INFO 5096 --- [    Test worker] .d.s.w.r.o.CachingOperationNameGenerator : Generating unique operation named: crearUsingPOST_1
2022-02-24 13:33:15.015  INFO 5096 --- [    Test worker] .d.s.w.r.o.CachingOperationNameGenerator : Generating unique operation named: actualizarUsingPUT_1
2022-02-24 13:33:15.017  INFO 5096 --- [    Test worker] .d.s.w.r.o.CachingOperationNameGenerator : Generating unique operation named: crearUsingPOST_2
2022-02-24 13:33:15.018  INFO 5096 --- [    Test worker] .d.s.w.r.o.CachingOperationNameGenerator : Generating unique operation named: eliminarUsingDELETE_1
2022-02-24 13:33:15.023  INFO 5096 --- [    Test worker] .d.s.w.r.o.CachingOperationNameGenerator : Generating unique operation named: listarUsingGET_1
2022-02-24 13:33:15.027  INFO 5096 --- [    Test worker] .d.s.w.r.o.CachingOperationNameGenerator : Generating unique operation named: listarUsingGET_2
2022-02-24 13:33:15.030  INFO 5096 --- [    Test worker] c.c.u.c.ComandoControladorUsuarioTest    : Started ComandoControladorUsuarioTest in 0.848 seconds (JVM running for 16.426)
2022-02-24 13:33:15.043  INFO 5096 --- [    Test worker] o.s.j.d.e.EmbeddedDatabaseFactory        : Shutting down embedded database: url='jdbc:h2:mem:testdb;DB_CLOSE_DELAY=-1;DB_CLOSE_ON_EXIT=false'
2022-02-24 13:33:15.258  INFO 5096 --- [    Test worker] com.zaxxer.hikari.HikariDataSource       : pool - Shutdown initiated...
2022-02-24 13:33:15.258  INFO 5096 --- [    Test worker] com.zaxxer.hikari.HikariDataSource       : pool - Shutdown completed.

  .   ____          _            __ _ _
 /\\ / ___'_ __ _ _(_)_ __  __ _ \ \ \ \
( ( )\___ | '_ | '_| | '_ \/ _` | \ \ \ \
 \\/  ___)| |_)| | | | | || (_| |  ) ) ) )
  '  |____| .__|_| |_|_| |_\__, | / / / /
 =========|_|==============|___/=/_/_/_/
 :: Spring Boot ::                (v2.5.3)

2022-02-24 13:33:15.288  INFO 5096 --- [    Test worker] c.c.u.c.ComandoControladorUsuarioTest    : Starting ComandoControladorUsuarioTest using Java 1.8.0_202 on JAVIER-APONTE with PID 5096 (started by javier.aponte in C:\Users\javier.aponte\Documents\Desarrollo\ADN3\certificaciones\java-arquitectura-hexagonal\certificaciones\infraestructura)
2022-02-24 13:33:15.288  INFO 5096 --- [    Test worker] c.c.u.c.ComandoControladorUsuarioTest    : No active profile set, falling back to default profiles: default
2022-02-24 13:33:15.490  INFO 5096 --- [    Test worker] com.zaxxer.hikari.HikariDataSource       : pool - Starting...
2022-02-24 13:33:15.491  INFO 5096 --- [    Test worker] com.zaxxer.hikari.HikariDataSource       : pool - Start completed.
2022-02-24 13:33:15.787  INFO 5096 --- [    Test worker] pertySourcedRequestMappingHandlerMapping : Mapped URL path [/v2/api-docs] onto method [springfox.documentation.swagger2.web.Swagger2Controller#getDocumentation(String, HttpServletRequest)]
2022-02-24 13:33:15.790  INFO 5096 --- [    Test worker] o.s.j.d.e.EmbeddedDatabaseFactory        : Starting embedded database: url='jdbc:h2:mem:testdb;DB_CLOSE_DELAY=-1;DB_CLOSE_ON_EXIT=false', username='sa'
2022-02-24 13:33:15.796  INFO 5096 --- [    Test worker] o.f.c.internal.database.DatabaseFactory  : Database: jdbc:h2:mem:testdb (H2 1.4)
2022-02-24 13:33:15.797  WARN 5096 --- [    Test worker] o.f.c.internal.database.base.Database    : Flyway upgrade recommended: H2 1.4.200 is newer than this version of Flyway and support has not been tested.
2022-02-24 13:33:15.804  INFO 5096 --- [    Test worker] o.f.core.internal.command.DbValidate     : Successfully validated 2 migrations (execution time 00:00.002s)
2022-02-24 13:33:15.809  INFO 5096 --- [    Test worker] o.f.c.i.s.JdbcTableSchemaHistory         : Creating Schema History table: "PUBLIC"."flyway_schema_history"
2022-02-24 13:33:15.815  INFO 5096 --- [    Test worker] o.f.core.internal.command.DbMigrate      : Current version of schema "PUBLIC": << Empty Schema >>
2022-02-24 13:33:15.815  INFO 5096 --- [    Test worker] o.f.core.internal.command.DbMigrate      : Migrating schema "PUBLIC" to version 1.0 - schema
2022-02-24 13:33:15.825  INFO 5096 --- [    Test worker] o.f.core.internal.command.DbMigrate      : Migrating schema "PUBLIC" to version 1.1 - data
2022-02-24 13:33:15.831  INFO 5096 --- [    Test worker] o.f.core.internal.command.DbMigrate      : Successfully applied 2 migrations to schema "PUBLIC" (execution time 00:00.026s)
2022-02-24 13:33:16.034  INFO 5096 --- [    Test worker] o.s.b.t.m.w.SpringBootMockServletContext : Initializing Spring TestDispatcherServlet ''
2022-02-24 13:33:16.034  INFO 5096 --- [    Test worker] o.s.t.web.servlet.TestDispatcherServlet  : Initializing Servlet ''
2022-02-24 13:33:16.035  INFO 5096 --- [    Test worker] o.s.t.web.servlet.TestDispatcherServlet  : Completed initialization in 1 ms
2022-02-24 13:33:16.046  INFO 5096 --- [    Test worker] d.s.w.p.DocumentationPluginsBootstrapper : Context refreshed
2022-02-24 13:33:16.047  INFO 5096 --- [    Test worker] d.s.w.p.DocumentationPluginsBootstrapper : Found 1 custom documentation plugin(s)
2022-02-24 13:33:16.053  INFO 5096 --- [    Test worker] s.d.s.w.s.ApiListingReferenceScanner     : Scanning for api listing references
2022-02-24 13:33:16.062  INFO 5096 --- [    Test worker] .d.s.w.r.o.CachingOperationNameGenerator : Generating unique operation named: crearUsingPOST_1
2022-02-24 13:33:16.065  INFO 5096 --- [    Test worker] .d.s.w.r.o.CachingOperationNameGenerator : Generating unique operation named: actualizarUsingPUT_1
2022-02-24 13:33:16.066  INFO 5096 --- [    Test worker] .d.s.w.r.o.CachingOperationNameGenerator : Generating unique operation named: crearUsingPOST_2
2022-02-24 13:33:16.067  INFO 5096 --- [    Test worker] .d.s.w.r.o.CachingOperationNameGenerator : Generating unique operation named: eliminarUsingDELETE_1
2022-02-24 13:33:16.071  INFO 5096 --- [    Test worker] .d.s.w.r.o.CachingOperationNameGenerator : Generating unique operation named: listarUsingGET_1
2022-02-24 13:33:16.075  INFO 5096 --- [    Test worker] .d.s.w.r.o.CachingOperationNameGenerator : Generating unique operation named: listarUsingGET_2
2022-02-24 13:33:16.078  INFO 5096 --- [    Test worker] c.c.u.c.ComandoControladorUsuarioTest    : Started ComandoControladorUsuarioTest in 0.817 seconds (JVM running for 17.474)
2022-02-24 13:33:16.094  INFO 5096 --- [    Test worker] o.s.j.d.e.EmbeddedDatabaseFactory        : Shutting down embedded database: url='jdbc:h2:mem:testdb;DB_CLOSE_DELAY=-1;DB_CLOSE_ON_EXIT=false'
2022-02-24 13:33:16.310  INFO 5096 --- [    Test worker] com.zaxxer.hikari.HikariDataSource       : pool - Shutdown initiated...
2022-02-24 13:33:16.311  INFO 5096 --- [    Test worker] com.zaxxer.hikari.HikariDataSource       : pool - Shutdown completed.

  .   ____          _            __ _ _
 /\\ / ___'_ __ _ _(_)_ __  __ _ \ \ \ \
( ( )\___ | '_ | '_| | '_ \/ _` | \ \ \ \
 \\/  ___)| |_)| | | | | || (_| |  ) ) ) )
  '  |____| .__|_| |_|_| |_\__, | / / / /
 =========|_|==============|___/=/_/_/_/
 :: Spring Boot ::                (v2.5.3)

2022-02-24 13:33:16.334  INFO 5096 --- [    Test worker] c.c.u.c.ComandoControladorUsuarioTest    : Starting ComandoControladorUsuarioTest using Java 1.8.0_202 on JAVIER-APONTE with PID 5096 (started by javier.aponte in C:\Users\javier.aponte\Documents\Desarrollo\ADN3\certificaciones\java-arquitectura-hexagonal\certificaciones\infraestructura)
2022-02-24 13:33:16.335  INFO 5096 --- [    Test worker] c.c.u.c.ComandoControladorUsuarioTest    : No active profile set, falling back to default profiles: default
2022-02-24 13:33:16.539  INFO 5096 --- [    Test worker] com.zaxxer.hikari.HikariDataSource       : pool - Starting...
2022-02-24 13:33:16.541  INFO 5096 --- [    Test worker] com.zaxxer.hikari.HikariDataSource       : pool - Start completed.
2022-02-24 13:33:16.848  INFO 5096 --- [    Test worker] pertySourcedRequestMappingHandlerMapping : Mapped URL path [/v2/api-docs] onto method [springfox.documentation.swagger2.web.Swagger2Controller#getDocumentation(String, HttpServletRequest)]
2022-02-24 13:33:16.850  INFO 5096 --- [    Test worker] o.s.j.d.e.EmbeddedDatabaseFactory        : Starting embedded database: url='jdbc:h2:mem:testdb;DB_CLOSE_DELAY=-1;DB_CLOSE_ON_EXIT=false', username='sa'
2022-02-24 13:33:16.854  INFO 5096 --- [    Test worker] o.f.c.internal.database.DatabaseFactory  : Database: jdbc:h2:mem:testdb (H2 1.4)
2022-02-24 13:33:16.855  WARN 5096 --- [    Test worker] o.f.c.internal.database.base.Database    : Flyway upgrade recommended: H2 1.4.200 is newer than this version of Flyway and support has not been tested.
2022-02-24 13:33:16.861  INFO 5096 --- [    Test worker] o.f.core.internal.command.DbValidate     : Successfully validated 2 migrations (execution time 00:00.001s)
2022-02-24 13:33:16.863  INFO 5096 --- [    Test worker] o.f.c.i.s.JdbcTableSchemaHistory         : Creating Schema History table: "PUBLIC"."flyway_schema_history"
2022-02-24 13:33:16.867  INFO 5096 --- [    Test worker] o.f.core.internal.command.DbMigrate      : Current version of schema "PUBLIC": << Empty Schema >>
2022-02-24 13:33:16.867  INFO 5096 --- [    Test worker] o.f.core.internal.command.DbMigrate      : Migrating schema "PUBLIC" to version 1.0 - schema
2022-02-24 13:33:16.872  INFO 5096 --- [    Test worker] o.f.core.internal.command.DbMigrate      : Migrating schema "PUBLIC" to version 1.1 - data
2022-02-24 13:33:16.876  INFO 5096 --- [    Test worker] o.f.core.internal.command.DbMigrate      : Successfully applied 2 migrations to schema "PUBLIC" (execution time 00:00.013s)
2022-02-24 13:33:17.037  INFO 5096 --- [    Test worker] o.s.b.t.m.w.SpringBootMockServletContext : Initializing Spring TestDispatcherServlet ''
2022-02-24 13:33:17.037  INFO 5096 --- [    Test worker] o.s.t.web.servlet.TestDispatcherServlet  : Initializing Servlet ''
2022-02-24 13:33:17.038  INFO 5096 --- [    Test worker] o.s.t.web.servlet.TestDispatcherServlet  : Completed initialization in 1 ms
2022-02-24 13:33:17.046  INFO 5096 --- [    Test worker] d.s.w.p.DocumentationPluginsBootstrapper : Context refreshed
2022-02-24 13:33:17.047  INFO 5096 --- [    Test worker] d.s.w.p.DocumentationPluginsBootstrapper : Found 1 custom documentation plugin(s)
2022-02-24 13:33:17.052  INFO 5096 --- [    Test worker] s.d.s.w.s.ApiListingReferenceScanner     : Scanning for api listing references
2022-02-24 13:33:17.060  INFO 5096 --- [    Test worker] .d.s.w.r.o.CachingOperationNameGenerator : Generating unique operation named: crearUsingPOST_1
2022-02-24 13:33:17.063  INFO 5096 --- [    Test worker] .d.s.w.r.o.CachingOperationNameGenerator : Generating unique operation named: actualizarUsingPUT_1
2022-02-24 13:33:17.064  INFO 5096 --- [    Test worker] .d.s.w.r.o.CachingOperationNameGenerator : Generating unique operation named: crearUsingPOST_2
2022-02-24 13:33:17.064  INFO 5096 --- [    Test worker] .d.s.w.r.o.CachingOperationNameGenerator : Generating unique operation named: eliminarUsingDELETE_1
2022-02-24 13:33:17.068  INFO 5096 --- [    Test worker] .d.s.w.r.o.CachingOperationNameGenerator : Generating unique operation named: listarUsingGET_1
2022-02-24 13:33:17.071  INFO 5096 --- [    Test worker] .d.s.w.r.o.CachingOperationNameGenerator : Generating unique operation named: listarUsingGET_2
2022-02-24 13:33:17.074  INFO 5096 --- [    Test worker] c.c.u.c.ComandoControladorUsuarioTest    : Started ComandoControladorUsuarioTest in 0.761 seconds (JVM running for 18.47)
2022-02-24 13:33:17.093  INFO 5096 --- [    Test worker] o.s.j.d.e.EmbeddedDatabaseFactory        : Shutting down embedded database: url='jdbc:h2:mem:testdb;DB_CLOSE_DELAY=-1;DB_CLOSE_ON_EXIT=false'
2022-02-24 13:33:17.303  INFO 5096 --- [    Test worker] com.zaxxer.hikari.HikariDataSource       : pool - Shutdown initiated...
2022-02-24 13:33:17.304  INFO 5096 --- [    Test worker] com.zaxxer.hikari.HikariDataSource       : pool - Shutdown completed.
]]></system-out>
  <system-err><![CDATA[]]></system-err>
</testsuite>
