<?xml version="1.0" encoding="UTF-8"?>
<testsuite name="com.ceiba.usuario.servicio.ServicioCrearUsuarioTest" tests="3" skipped="0" failures="0" errors="0" timestamp="2022-02-24T18:20:58" hostname="JAVIER-APONTE" time="0.004">
  <properties/>
  <testcase name="Deberia lanzar una exepecion cuando la longitud de la clave sea menor a 4" classname="com.ceiba.usuario.servicio.ServicioCrearUsuarioTest" time="0.001"/>
  <testcase name="Deberia lanzar una exepcion cuando se valide la existencia del Usuario" classname="com.ceiba.usuario.servicio.ServicioCrearUsuarioTest" time="0.001"/>
  <testcase name="Deberia Crear el usuario de manera correcta" classname="com.ceiba.usuario.servicio.ServicioCrearUsuarioTest" time="0.001"/>
  <system-out><![CDATA[]]></system-out>
  <system-err><![CDATA[]]></system-err>
</testsuite>
