<?xml version="1.0" encoding="UTF-8"?>
<testsuite name="com.ceiba.examen.entidad.ExamenTest" tests="16" skipped="0" failures="0" errors="0" timestamp="2022-02-24T01:11:05" hostname="JAVIER-APONTE" time="0.014">
  <properties/>
  <testcase name="deberiaCalcularPrecioConDescuentoClienteTipo1FinDeSemana()" classname="com.ceiba.examen.entidad.ExamenTest" time="0.002"/>
  <testcase name="deberiaCalcularPrecioConDescuentoClienteTipo2FinDeSemana()" classname="com.ceiba.examen.entidad.ExamenTest" time="0.0"/>
  <testcase name="deberiaCalcularPrecioConDescuentoClienteTipo3FinDeSemana()" classname="com.ceiba.examen.entidad.ExamenTest" time="0.0"/>
  <testcase name="deberiaCalcularPrecioSinDescuentoClienteTipo4FinDeSemana()" classname="com.ceiba.examen.entidad.ExamenTest" time="0.0"/>
  <testcase name="deberiaFallarSinClienteDeExamen()" classname="com.ceiba.examen.entidad.ExamenTest" time="0.001"/>
  <testcase name="deberiaCalcularPrecioConDescuentoClienteTipo2DiaEntreSemana()" classname="com.ceiba.examen.entidad.ExamenTest" time="0.001"/>
  <testcase name="deberiaCalcularPrecioConDescuentoClienteTipo2Festivo()" classname="com.ceiba.examen.entidad.ExamenTest" time="0.0"/>
  <testcase name="deberiaFallarSinFechaPresentacion()" classname="com.ceiba.examen.entidad.ExamenTest" time="0.001"/>
  <testcase name="deberiaCalcularPrecioSinDescuentoClienteTipo4Festivo()" classname="com.ceiba.examen.entidad.ExamenTest" time="0.001"/>
  <testcase name="deberiaCalcularPrecioSinDescuentoClienteTipo4DiaEntreSemana()" classname="com.ceiba.examen.entidad.ExamenTest" time="0.0"/>
  <testcase name="deberiaCalcularPrecioConDescuentoClienteTipo3DiaEntreSemana()" classname="com.ceiba.examen.entidad.ExamenTest" time="0.0"/>
  <testcase name="Deberia crear correctamente el examen" classname="com.ceiba.examen.entidad.ExamenTest" time="0.0"/>
  <testcase name="deberiaCalcularPrecioConDescuentoClienteTipo3Festivo()" classname="com.ceiba.examen.entidad.ExamenTest" time="0.001"/>
  <testcase name="deberiaCalcularPrecioConDescuentoClienteTipo1DiaEntreSemana()" classname="com.ceiba.examen.entidad.ExamenTest" time="0.0"/>
  <testcase name="deberiaCalcularPrecioConDescuentoClienteTipo1Festivo()" classname="com.ceiba.examen.entidad.ExamenTest" time="0.0"/>
  <testcase name="deberiaFallarSinCertificacionDeExamen()" classname="com.ceiba.examen.entidad.ExamenTest" time="0.0"/>
  <system-out><![CDATA[]]></system-out>
  <system-err><![CDATA[]]></system-err>
</testsuite>
