<?xml version="1.0" encoding="UTF-8"?>
<testsuite name="com.ceiba.examen.servicio.ServicioCrearExamenTest" tests="2" skipped="0" failures="0" errors="0" timestamp="2022-02-24T18:20:58" hostname="JAVIER-APONTE" time="0.034">
  <properties/>
  <testcase name="Deberia lanzar una exepcion cuando se valide la existencia del examen" classname="com.ceiba.examen.servicio.ServicioCrearExamenTest" time="0.032"/>
  <testcase name="Deberia Crear el examen de manera correcta" classname="com.ceiba.examen.servicio.ServicioCrearExamenTest" time="0.001"/>
  <system-out><![CDATA[]]></system-out>
  <system-err><![CDATA[]]></system-err>
</testsuite>
