<?xml version="1.0" encoding="UTF-8"?>
<testsuite name="com.ceiba.certificacion.entidad.CertificacionTest" tests="7" skipped="0" failures="0" errors="0" timestamp="2022-02-24T01:11:04" hostname="JAVIER-APONTE" time="0.035">
  <properties/>
  <testcase name="deberiaFallarSinPrecio()" classname="com.ceiba.certificacion.entidad.CertificacionTest" time="0.026"/>
  <testcase name="deberiaFallarSinNombreDeCertificacion()" classname="com.ceiba.certificacion.entidad.CertificacionTest" time="0.001"/>
  <testcase name="deberiaFallarConPrecioCero()" classname="com.ceiba.certificacion.entidad.CertificacionTest" time="0.0"/>
  <testcase name="deberiaFallarSinDetalle()" classname="com.ceiba.certificacion.entidad.CertificacionTest" time="0.0"/>
  <testcase name="deberiaFallarConPrecioNegativo()" classname="com.ceiba.certificacion.entidad.CertificacionTest" time="0.0"/>
  <testcase name="deberiaFallarSinDuracion()" classname="com.ceiba.certificacion.entidad.CertificacionTest" time="0.001"/>
  <testcase name="Deberia crear correctamente la certificacion" classname="com.ceiba.certificacion.entidad.CertificacionTest" time="0.004"/>
  <system-out><![CDATA[]]></system-out>
  <system-err><![CDATA[]]></system-err>
</testsuite>
