<?xml version="1.0" encoding="UTF-8"?>
<testsuite name="com.ceiba.certificacion.servicio.ServicioCrearCertificacionTest" tests="2" skipped="0" failures="0" errors="0" timestamp="2022-02-24T18:20:58" hostname="JAVIER-APONTE" time="0.004">
  <properties/>
  <testcase name="Deberia lanzar una exepcion cuando se valide la existencia de la certificación" classname="com.ceiba.certificacion.servicio.ServicioCrearCertificacionTest" time="0.002"/>
  <testcase name="Deberia Crear la certificación de manera correcta" classname="com.ceiba.certificacion.servicio.ServicioCrearCertificacionTest" time="0.002"/>
  <system-out><![CDATA[]]></system-out>
  <system-err><![CDATA[]]></system-err>
</testsuite>
