<?xml version="1.0" encoding="UTF-8"?>
<testsuite name="com.ceiba.cliente.entidad.ClienteTest" tests="3" skipped="0" failures="0" errors="0" timestamp="2022-02-24T01:11:05" hostname="JAVIER-APONTE" time="0.003">
  <properties/>
  <testcase name="Deberia crear correctamente el cliente" classname="com.ceiba.cliente.entidad.ClienteTest" time="0.001"/>
  <testcase name="deberiaFallarSinTipoDeCliente()" classname="com.ceiba.cliente.entidad.ClienteTest" time="0.001"/>
  <testcase name="deberiaFallarSinNombreDeCliente()" classname="com.ceiba.cliente.entidad.ClienteTest" time="0.001"/>
  <system-out><![CDATA[]]></system-out>
  <system-err><![CDATA[]]></system-err>
</testsuite>
