<?xml version="1.0" encoding="UTF-8"?>
<testsuite name="com.ceiba.certificacion.servicio.ServicioActualizarCertificacionTest" tests="2" skipped="0" failures="0" errors="0" timestamp="2022-02-24T01:11:04" hostname="JAVIER-APONTE" time="0.896">
  <properties/>
  <testcase name="Deberia actualizar correctamente en el repositorio" classname="com.ceiba.certificacion.servicio.ServicioActualizarCertificacionTest" time="0.892"/>
  <testcase name="Deberia validar la existencia previa de la certificacion" classname="com.ceiba.certificacion.servicio.ServicioActualizarCertificacionTest" time="0.003"/>
  <system-out><![CDATA[]]></system-out>
  <system-err><![CDATA[]]></system-err>
</testsuite>
